46.0 APEX_CODE,FINEST;APEX_PROFILING,INFO;CALLOUT,INFO;DB,INFO;NBA,INFO;SYSTEM,DEBUG;VALIDATION,INFO;VISUALFORCE,FINER;WAVE,INFO;WORKFLOW,INFO
04:03:29.2 (2795831)|USER_INFO|[EXTERNAL]|0050o00000VKYKu|sarveshkumar574@gmail.com|(GMT-07:00) Pacific Daylight Time (America/Los_Angeles)|GMT-07:00
04:03:29.2 (2835722)|EXECUTION_STARTED
04:03:29.2 (2841660)|CODE_UNIT_STARTED|[EXTERNAL]|01p0o00000GzTow|AccountServiceTest.should_create_account()
04:03:29.2 (3787626)|HEAP_ALLOCATE|[72]|Bytes:3
04:03:29.2 (3824947)|HEAP_ALLOCATE|[77]|Bytes:152
04:03:29.2 (3840304)|HEAP_ALLOCATE|[342]|Bytes:408
04:03:29.2 (3855149)|HEAP_ALLOCATE|[355]|Bytes:408
04:03:29.2 (3867523)|HEAP_ALLOCATE|[467]|Bytes:48
04:03:29.2 (3892402)|HEAP_ALLOCATE|[139]|Bytes:6
04:03:29.2 (3908509)|HEAP_ALLOCATE|[EXTERNAL]|Bytes:33
04:03:29.2 (3921450)|METHOD_ENTRY|[2]|01p0o00000GzTow|AccountServiceTest.AccountServiceTest()
04:03:29.2 (3927566)|STATEMENT_EXECUTE|[2]
04:03:29.2 (3933691)|STATEMENT_EXECUTE|[2]
04:03:29.2 (3937313)|METHOD_EXIT|[2]|AccountServiceTest
04:03:29.2 (3967929)|HEAP_ALLOCATE|[50]|Bytes:5
04:03:29.2 (3987995)|HEAP_ALLOCATE|[56]|Bytes:5
04:03:29.2 (3999056)|HEAP_ALLOCATE|[64]|Bytes:7
04:03:29.2 (4051809)|STATEMENT_EXECUTE|[4]
04:03:29.2 (4054432)|STATEMENT_EXECUTE|[5]
04:03:29.2 (4057633)|HEAP_ALLOCATE|[5]|Bytes:10
04:03:29.2 (4065304)|VARIABLE_SCOPE_BEGIN|[5]|acctName|String|false|false
04:03:29.2 (4095744)|VARIABLE_ASSIGNMENT|[5]|acctName|"Salesforce"
04:03:29.2 (4101562)|STATEMENT_EXECUTE|[6]
04:03:29.2 (4103971)|HEAP_ALLOCATE|[6]|Bytes:4
04:03:29.2 (4108452)|VARIABLE_SCOPE_BEGIN|[6]|acctNumber|String|false|false
04:03:29.2 (4117250)|VARIABLE_ASSIGNMENT|[6]|acctNumber|"SFDC"
04:03:29.2 (4122310)|STATEMENT_EXECUTE|[7]
04:03:29.2 (4124664)|HEAP_ALLOCATE|[7]|Bytes:3
04:03:29.2 (4128476)|VARIABLE_SCOPE_BEGIN|[7]|tickerSymbol|String|false|false
04:03:29.2 (4137037)|VARIABLE_ASSIGNMENT|[7]|tickerSymbol|"CRM"
04:03:29.2 (4141187)|STATEMENT_EXECUTE|[8]
04:03:29.2 (4172491)|HEAP_ALLOCATE|[8]|Bytes:74
04:03:29.2 (4181795)|SYSTEM_METHOD_ENTRY|[1]|Test.Test()
04:03:29.2 (4185817)|STATEMENT_EXECUTE|[1]
04:03:29.2 (4196561)|SYSTEM_METHOD_EXIT|[1]|Test
04:03:29.2 (4213830)|METHOD_ENTRY|[8]||System.Test.startTest()
04:03:29.2 (5793474)|METHOD_EXIT|[8]||System.Test.startTest()
04:03:29.2 (5810028)|STATEMENT_EXECUTE|[9]
04:03:29.2 (7858152)|HEAP_ALLOCATE|[9]|Bytes:1
04:03:29.2 (7903766)|METHOD_ENTRY|[1]|01p0o00000GzTor|AccountService.AccountService()
04:03:29.2 (7914479)|STATEMENT_EXECUTE|[1]
04:03:29.2 (7922456)|STATEMENT_EXECUTE|[1]
04:03:29.2 (8439621)|SYSTEM_MODE_ENTER|false
04:03:29.2 (8470264)|HEAP_ALLOCATE|[9]|Bytes:5
04:03:29.2 (8482905)|SYSTEM_MODE_EXIT|false
04:03:29.2 (8499415)|METHOD_EXIT|[1]|AccountService
04:03:29.2 (8522997)|HEAP_ALLOCATE|[9]|Bytes:4
04:03:29.2 (8547658)|CONSTRUCTOR_ENTRY|[9]|01p0o00000GzTor|<init>()|AccountService
04:03:29.2 (8597735)|VARIABLE_SCOPE_BEGIN|[1]|this|AccountService|true|false
04:03:29.2 (8644832)|VARIABLE_ASSIGNMENT|[1]|this|{}|0x5e1f6152
04:03:29.2 (8662702)|SYSTEM_MODE_ENTER|false
04:03:29.2 (8672195)|HEAP_ALLOCATE|[EXTERNAL]|Bytes:5
04:03:29.2 (8688103)|HEAP_ALLOCATE|[EXTERNAL]|Bytes:6
04:03:29.2 (9844293)|SYSTEM_MODE_EXIT|false
04:03:29.2 (9857790)|STATEMENT_EXECUTE|[1]
04:03:29.2 (9866205)|SYSTEM_MODE_ENTER|false
04:03:29.2 (9876306)|HEAP_ALLOCATE|[EXTERNAL]|Bytes:5
04:03:29.2 (9884561)|SYSTEM_MODE_EXIT|false
04:03:29.2 (9894808)|CONSTRUCTOR_EXIT|[9]|01p0o00000GzTor|<init>()|AccountService
04:03:29.2 (9907402)|VARIABLE_SCOPE_BEGIN|[9]|service|AccountService|true|false
04:03:29.2 (9933151)|VARIABLE_ASSIGNMENT|[9]|service|{}|0x5e1f6152
04:03:29.2 (9942736)|STATEMENT_EXECUTE|[10]
04:03:29.2 (9982331)|METHOD_ENTRY|[10]|01p0o00000GzTor|AccountService.createAccount(String, String, String)
04:03:29.2 (10074769)|VARIABLE_SCOPE_BEGIN|[2]|this|AccountService|true|false
04:03:29.2 (10099609)|VARIABLE_ASSIGNMENT|[2]|this|{}|0x5e1f6152
04:03:29.2 (10110364)|VARIABLE_SCOPE_BEGIN|[2]|accountName|String|false|false
04:03:29.2 (10128669)|VARIABLE_ASSIGNMENT|[2]|accountName|"Salesforce"
04:03:29.2 (10135565)|VARIABLE_SCOPE_BEGIN|[2]|accountNumber|String|false|false
04:03:29.2 (10171022)|VARIABLE_ASSIGNMENT|[2]|accountNumber|"SFDC"
04:03:29.2 (10178082)|VARIABLE_SCOPE_BEGIN|[2]|tickerSymbol|String|false|false
04:03:29.2 (10198921)|VARIABLE_ASSIGNMENT|[2]|tickerSymbol|"CRM"
04:03:29.2 (10227735)|SYSTEM_MODE_ENTER|false
04:03:29.2 (10238026)|HEAP_ALLOCATE|[3]|Bytes:5
04:03:29.2 (10245850)|STATEMENT_EXECUTE|[2]
04:03:29.2 (10248135)|STATEMENT_EXECUTE|[3]
04:03:29.2 (10276095)|HEAP_ALLOCATE|[3]|Bytes:4
04:03:29.2 (11908199)|VARIABLE_ASSIGNMENT|[3]|this.Name|"Salesforce"|0x572b4b90
04:03:29.2 (11969603)|VARIABLE_ASSIGNMENT|[3]|this.AccountNumber|"SFDC"|0x572b4b90
04:03:29.2 (12016049)|VARIABLE_ASSIGNMENT|[3]|this.TickerSymbol|"SFDC"|0x572b4b90
04:03:29.2 (12066288)|VARIABLE_SCOPE_BEGIN|[3]|newAcct|Account|true|false
04:03:29.2 (12098482)|VARIABLE_ASSIGNMENT|[3]|newAcct|{"Name":"Salesforce","AccountNumber":"SFDC","TickerSymbol":"SFDC"}|0x572b4b90
04:03:29.2 (12108530)|STATEMENT_EXECUTE|[8]
04:03:29.2 (12115964)|SYSTEM_MODE_EXIT|false
04:03:29.2 (12135293)|METHOD_EXIT|[10]|01p0o00000GzTor|AccountService.createAccount(String, String, String)
04:03:29.2 (12147796)|VARIABLE_SCOPE_BEGIN|[10]|newAcct|Account|true|false
04:03:29.2 (12170163)|VARIABLE_ASSIGNMENT|[10]|newAcct|{"Name":"Salesforce","AccountNumber":"SFDC","TickerSymbol":"SFDC"}|0x572b4b90
04:03:29.2 (12179374)|STATEMENT_EXECUTE|[11]
04:03:29.2 (12230743)|HEAP_ALLOCATE|[11]|Bytes:8
04:03:29.2 (12266918)|DML_BEGIN|[11]|Op:Insert|Type:Account|Rows:1
04:03:29.2 (12311132)|HEAP_ALLOCATE|[EXTERNAL]|Bytes:8
04:03:29.2 (31295710)|CODE_UNIT_STARTED|[EXTERNAL]|DuplicateDetector
04:03:29.2 (31324335)|DUPLICATE_DETECTION_BEGIN
04:03:29.2 (32257589)|DUPLICATE_DETECTION_RULE_INVOCATION|DuplicateRuleId:0Bm0o000001aRu7|DuplicateRuleName:Standard Account Duplicate Rule|DmlType:INSERT
04:03:29.2 (62835548)|DUPLICATE_DETECTION_MATCH_INVOCATION_DETAILS|EntityType:Account|ActionTaken:Allow_[Alert,Report]|DuplicateRecordIds:
04:03:29.2 (62860663)|DUPLICATE_DETECTION_MATCH_INVOCATION_SUMMARY|EntityType:Account|NumRecordsToBeSaved:1|NumRecordsToBeSavedWithDuplicates:0|NumDuplicateRecordsFound:0
04:03:29.2 (63014677)|DUPLICATE_DETECTION_END
04:03:29.2 (63026857)|CODE_UNIT_FINISHED|DuplicateDetector
04:03:29.2 (99085975)|DML_END|[11]
04:03:29.2 (99117157)|STATEMENT_EXECUTE|[12]
04:03:29.2 (99143742)|METHOD_ENTRY|[12]||System.Test.stopTest()
04:03:29.2 (100168531)|METHOD_EXIT|[12]||System.Test.stopTest()
04:03:29.2 (100180979)|STATEMENT_EXECUTE|[13]
04:03:29.2 (100198592)|HEAP_ALLOCATE|[13]|Bytes:77
04:03:29.2 (100238336)|HEAP_ALLOCATE|[13]|Bytes:4
04:03:29.2 (100256265)|HEAP_ALLOCATE|[13]|Bytes:7
04:03:29.2 (100623146)|SOQL_EXECUTE_BEGIN|[13]|Aggregations:0|SELECT Id, Name, AccountNumber, TickerSymbol FROM Account WHERE Id = :tmpVar1
04:03:29.2 (104548386)|SOQL_EXECUTE_END|[13]|Rows:1
04:03:29.2 (104584001)|HEAP_ALLOCATE|[13]|Bytes:8
04:03:29.2 (104602405)|HEAP_ALLOCATE|[13]|Bytes:88
04:03:29.2 (104724305)|HEAP_ALLOCATE|[13]|Bytes:8
04:03:29.2 (104750460)|VARIABLE_SCOPE_BEGIN|[13]|accts|List<Account>|true|false
04:03:29.2 (104794984)|VARIABLE_ASSIGNMENT|[13]|accts|[{"Id":"0010o00002SEugKAAT","Name":"Salesforce","AccountNumber":"SFDC","TickerSymbol":"SFDC"}]|0x440bb72
04:03:29.2 (104803500)|STATEMENT_EXECUTE|[14]
04:03:29.2 (104896790)|HEAP_ALLOCATE|[14]|Bytes:29
04:03:29.2 (104968200)|STATEMENT_EXECUTE|[15]
04:03:29.2 (104982940)|HEAP_ALLOCATE|[15]|Bytes:20
04:03:29.2 (105045315)|HEAP_ALLOCATE|[15]|Bytes:14
04:03:29.2 (105093587)|STATEMENT_EXECUTE|[16]
04:03:29.2 (105107916)|HEAP_ALLOCATE|[16]|Bytes:20
04:03:29.2 (105150885)|HEAP_ALLOCATE|[16]|Bytes:24
04:03:29.2 (105184697)|STATEMENT_EXECUTE|[17]
04:03:29.2 (105198306)|HEAP_ALLOCATE|[17]|Bytes:20
04:03:29.2 (105225866)|HEAP_ALLOCATE|[17]|Bytes:23
04:03:29.2 (105368674)|EXCEPTION_THROWN|[17]|System.AssertException: Assertion Failed: incorrect ticker symbol: Expected: CRM, Actual: SFDC
04:03:29.2 (105728043)|HEAP_ALLOCATE|[17]|Bytes:74
04:03:29.2 (105785489)|FATAL_ERROR|System.AssertException: Assertion Failed: incorrect ticker symbol: Expected: CRM, Actual: SFDC

Class.AccountServiceTest.should_create_account: line 17, column 1
04:03:29.2 (105797305)|FATAL_ERROR|System.AssertException: Assertion Failed: incorrect ticker symbol: Expected: CRM, Actual: SFDC

Class.AccountServiceTest.should_create_account: line 17, column 1
04:03:29.105 (105805647)|CUMULATIVE_LIMIT_USAGE
04:03:29.105 (105805647)|LIMIT_USAGE_FOR_NS|(default)|
  Number of SOQL queries: 1 out of 100
  Number of query rows: 1 out of 50000
  Number of SOSL queries: 0 out of 20
  Number of DML statements: 0 out of 150
  Number of DML rows: 0 out of 10000
  Maximum CPU time: 0 out of 10000
  Maximum heap size: 0 out of 6000000
  Number of callouts: 0 out of 100
  Number of Email Invocations: 0 out of 10
  Number of future calls: 0 out of 50
  Number of queueable jobs added to the queue: 0 out of 50
  Number of Mobile Apex push calls: 0 out of 10

04:03:29.105 (105805647)|TESTING_LIMITS
04:03:29.105 (105805647)|LIMIT_USAGE_FOR_NS|(default)|
  Number of SOQL queries: 0 out of 100
  Number of query rows: 0 out of 50000
  Number of SOSL queries: 0 out of 20
  Number of DML statements: 1 out of 150
  Number of DML rows: 1 out of 10000
  Maximum CPU time: 0 out of 10000
  Maximum heap size: 0 out of 6000000
  Number of callouts: 0 out of 100
  Number of Email Invocations: 0 out of 10
  Number of future calls: 0 out of 50
  Number of queueable jobs added to the queue: 0 out of 50
  Number of Mobile Apex push calls: 0 out of 10

04:03:29.105 (105805647)|CUMULATIVE_LIMIT_USAGE_END

04:03:29.2 (105864950)|CODE_UNIT_FINISHED|AccountServiceTest.should_create_account()
04:03:29.2 (107081660)|EXECUTION_FINISHED
04:03:29.212 (212607211)|USER_INFO|[EXTERNAL]|0050o00000VKYKu|sarveshkumar574@gmail.com|(GMT-07:00) Pacific Daylight Time (America/Los_Angeles)|GMT-07:00
04:03:29.212 (212634633)|EXECUTION_STARTED
04:03:29.212 (212641135)|CODE_UNIT_STARTED|[EXTERNAL]|DuplicateDetector
04:03:29.212 (212656514)|DUPLICATE_DETECTION_BEGIN
04:03:29.212 (212711863)|DUPLICATE_DETECTION_RULE_INVOCATION|DuplicateRuleId:0Bm0o000001aRu7|DuplicateRuleName:Standard Account Duplicate Rule|DmlType:INSERT
04:03:29.212 (226018673)|DUPLICATE_DETECTION_END
04:03:29.212 (226037554)|CODE_UNIT_FINISHED|DuplicateDetector
04:03:29.212 (227365459)|EXECUTION_FINISHED
